********************************************************************************
* Unified simulation Tcl App stack trace dump
*
* File: .usf.tcl_error.log (Tue Apr 23 15:05:54 2024)
*
* This file is generated by the unified simulation automation and contains the
* tcl stack trace of error returned by the simulator App for the current run.
*
********************************************************************************
ERROR: [Common 17-69] Command failed: Cannot extract 'c:/Users/Taowei/Documents/ECE385/final_project/final_project.ip_user_files/mem_init_files/finalsprite.COE' to itself'.

    while executing
"extract_files -force -no_paths -files [list "$src_file"] -base_dir $mem_init_dir"
    ("foreach" body line 41)
    invoked from within
"foreach src_file $data_files {
    set extn [file extension $src_file]
    set filename [file tail $src_file]
    switch -- $extn {
      {.bd} -
    ..."
    (procedure "xcs_export_data_files" line 9)
    invoked from within
"xcs_export_data_files $s_launch_dir $dynamic_repo_dir $data_files"
    (procedure "xcs_export_fs_data_files" line 18)
    invoked from within
"xcs_export_fs_data_files $launch_dir $dynamic_repo_dir"
    (procedure "xcs_xport_data_files" line 33)
    invoked from within
"xcs_xport_data_files $a_sim_vars(sp_tcl_obj) $a_sim_vars(s_simset) $a_sim_vars(s_sim_top) $a_sim_vars(s_launch_dir) $a_sim_vars(dynamic_repo_dir)"
    (procedure "usf_xsim_setup_simulation" line 98)
    invoked from within
"usf_xsim_setup_simulation"
    (procedure "tclapp::xilinx::xsim::setup" line 24)
    invoked from within
"tclapp::xilinx::xsim::setup { -simset sim_1 -mode behavioral -run_dir C:/Users/Taowei/Documents/ECE385/final_project/final_project.sim/sim_1/behav/xsi..."
